Analysis & Synthesis report for wrap
Wed Apr  3 15:01:56 2024
Quartus Prime Version 22.1std.1 Build 917 02/14/2023 SC Lite Edition


---------------------
; Table of Contents ;
---------------------
  1. Legal Notice
  2. Analysis & Synthesis Summary
  3. Analysis & Synthesis Settings
  4. Parallel Compilation
  5. Analysis & Synthesis Source Files Read
  6. Analysis & Synthesis Resource Usage Summary
  7. Analysis & Synthesis Resource Utilization by Entity
  8. General Register Statistics
  9. Multiplexer Restructuring Statistics (Restructuring Performed)
 10. Parameter Settings for Inferred Entity Instance: divide:iDUT|lpm_divide:Div0
 11. Post-Synthesis Netlist Statistics for Top Partition
 12. Elapsed Time Per Partition
 13. Analysis & Synthesis Messages



----------------
; Legal Notice ;
----------------
Copyright (C) 2023  Intel Corporation. All rights reserved.
Your use of Intel Corporation's design tools, logic functions 
and other software and tools, and any partner logic 
functions, and any output files from any of the foregoing 
(including device programming or simulation files), and any 
associated documentation or information are expressly subject 
to the terms and conditions of the Intel Program License 
Subscription Agreement, the Intel Quartus Prime License Agreement,
the Intel FPGA IP License Agreement, or other applicable license
agreement, including, without limitation, that your use is for
the sole purpose of programming logic devices manufactured by
Intel and sold by Intel or its authorized distributors.  Please
refer to the applicable agreement for further details, at
https://fpgasoftware.intel.com/eula.



+----------------------------------------------------------------------------------+
; Analysis & Synthesis Summary                                                     ;
+---------------------------------+------------------------------------------------+
; Analysis & Synthesis Status     ; Successful - Wed Apr  3 15:01:56 2024          ;
; Quartus Prime Version           ; 22.1std.1 Build 917 02/14/2023 SC Lite Edition ;
; Revision Name                   ; wrap                                           ;
; Top-level Entity Name           ; wrap                                           ;
; Family                          ; Cyclone V                                      ;
; Logic utilization (in ALMs)     ; N/A                                            ;
; Total registers                 ; 65                                             ;
; Total pins                      ; 57                                             ;
; Total virtual pins              ; 0                                              ;
; Total block memory bits         ; 0                                              ;
; Total DSP Blocks                ; 0                                              ;
; Total HSSI RX PCSs              ; 0                                              ;
; Total HSSI PMA RX Deserializers ; 0                                              ;
; Total HSSI TX PCSs              ; 0                                              ;
; Total HSSI PMA TX Serializers   ; 0                                              ;
; Total PLLs                      ; 0                                              ;
; Total DLLs                      ; 0                                              ;
+---------------------------------+------------------------------------------------+


+---------------------------------------------------------------------------------------------------------------------------+
; Analysis & Synthesis Settings                                                                                             ;
+---------------------------------------------------------------------------------+--------------------+--------------------+
; Option                                                                          ; Setting            ; Default Value      ;
+---------------------------------------------------------------------------------+--------------------+--------------------+
; Device                                                                          ; 5CSEMA5F31C6       ;                    ;
; Top-level entity name                                                           ; wrap               ; wrap               ;
; Family name                                                                     ; Cyclone V          ; Cyclone V          ;
; Use smart compilation                                                           ; Off                ; Off                ;
; Enable parallel Assembler and Timing Analyzer during compilation                ; On                 ; On                 ;
; Enable compact report table                                                     ; Off                ; Off                ;
; Restructure Multiplexers                                                        ; Auto               ; Auto               ;
; MLAB Add Timing Constraints For Mixed-Port Feed-Through Mode Setting Don't Care ; Off                ; Off                ;
; Create Debugging Nodes for IP Cores                                             ; Off                ; Off                ;
; Preserve fewer node names                                                       ; On                 ; On                 ;
; Intel FPGA IP Evaluation Mode                                                   ; Enable             ; Enable             ;
; Verilog Version                                                                 ; Verilog_2001       ; Verilog_2001       ;
; VHDL Version                                                                    ; VHDL_1993          ; VHDL_1993          ;
; State Machine Processing                                                        ; Auto               ; Auto               ;
; Safe State Machine                                                              ; Off                ; Off                ;
; Extract Verilog State Machines                                                  ; On                 ; On                 ;
; Extract VHDL State Machines                                                     ; On                 ; On                 ;
; Ignore Verilog initial constructs                                               ; Off                ; Off                ;
; Iteration limit for constant Verilog loops                                      ; 5000               ; 5000               ;
; Iteration limit for non-constant Verilog loops                                  ; 250                ; 250                ;
; Add Pass-Through Logic to Inferred RAMs                                         ; On                 ; On                 ;
; Infer RAMs from Raw Logic                                                       ; On                 ; On                 ;
; Parallel Synthesis                                                              ; On                 ; On                 ;
; DSP Block Balancing                                                             ; Auto               ; Auto               ;
; NOT Gate Push-Back                                                              ; On                 ; On                 ;
; Power-Up Don't Care                                                             ; On                 ; On                 ;
; Remove Redundant Logic Cells                                                    ; Off                ; Off                ;
; Remove Duplicate Registers                                                      ; On                 ; On                 ;
; Ignore CARRY Buffers                                                            ; Off                ; Off                ;
; Ignore CASCADE Buffers                                                          ; Off                ; Off                ;
; Ignore GLOBAL Buffers                                                           ; Off                ; Off                ;
; Ignore ROW GLOBAL Buffers                                                       ; Off                ; Off                ;
; Ignore LCELL Buffers                                                            ; Off                ; Off                ;
; Ignore SOFT Buffers                                                             ; On                 ; On                 ;
; Limit AHDL Integers to 32 Bits                                                  ; Off                ; Off                ;
; Optimization Technique                                                          ; Balanced           ; Balanced           ;
; Carry Chain Length                                                              ; 70                 ; 70                 ;
; Auto Carry Chains                                                               ; On                 ; On                 ;
; Auto Open-Drain Pins                                                            ; On                 ; On                 ;
; Perform WYSIWYG Primitive Resynthesis                                           ; Off                ; Off                ;
; Auto ROM Replacement                                                            ; On                 ; On                 ;
; Auto RAM Replacement                                                            ; On                 ; On                 ;
; Auto DSP Block Replacement                                                      ; On                 ; On                 ;
; Auto Shift Register Replacement                                                 ; Auto               ; Auto               ;
; Allow Shift Register Merging across Hierarchies                                 ; Auto               ; Auto               ;
; Auto Clock Enable Replacement                                                   ; On                 ; On                 ;
; Strict RAM Replacement                                                          ; Off                ; Off                ;
; Allow Synchronous Control Signals                                               ; On                 ; On                 ;
; Force Use of Synchronous Clear Signals                                          ; Off                ; Off                ;
; Auto Resource Sharing                                                           ; Off                ; Off                ;
; Allow Any RAM Size For Recognition                                              ; Off                ; Off                ;
; Allow Any ROM Size For Recognition                                              ; Off                ; Off                ;
; Allow Any Shift Register Size For Recognition                                   ; Off                ; Off                ;
; Use LogicLock Constraints during Resource Balancing                             ; On                 ; On                 ;
; Ignore translate_off and synthesis_off directives                               ; Off                ; Off                ;
; Timing-Driven Synthesis                                                         ; On                 ; On                 ;
; Report Parameter Settings                                                       ; On                 ; On                 ;
; Report Source Assignments                                                       ; On                 ; On                 ;
; Report Connectivity Checks                                                      ; On                 ; On                 ;
; Ignore Maximum Fan-Out Assignments                                              ; Off                ; Off                ;
; Synchronization Register Chain Length                                           ; 3                  ; 3                  ;
; Power Optimization During Synthesis                                             ; Normal compilation ; Normal compilation ;
; HDL message level                                                               ; Level2             ; Level2             ;
; Suppress Register Optimization Related Messages                                 ; Off                ; Off                ;
; Number of Removed Registers Reported in Synthesis Report                        ; 5000               ; 5000               ;
; Number of Swept Nodes Reported in Synthesis Report                              ; 5000               ; 5000               ;
; Number of Inverted Registers Reported in Synthesis Report                       ; 100                ; 100                ;
; Clock MUX Protection                                                            ; On                 ; On                 ;
; Auto Gated Clock Conversion                                                     ; Off                ; Off                ;
; Block Design Naming                                                             ; Auto               ; Auto               ;
; SDC constraint protection                                                       ; Off                ; Off                ;
; Synthesis Effort                                                                ; Auto               ; Auto               ;
; Shift Register Replacement - Allow Asynchronous Clear Signal                    ; On                 ; On                 ;
; Pre-Mapping Resynthesis Optimization                                            ; Off                ; Off                ;
; Analysis & Synthesis Message Level                                              ; Medium             ; Medium             ;
; Disable Register Merging Across Hierarchies                                     ; Auto               ; Auto               ;
; Resource Aware Inference For Block RAM                                          ; On                 ; On                 ;
; Automatic Parallel Synthesis                                                    ; On                 ; On                 ;
; Partial Reconfiguration Bitstream ID                                            ; Off                ; Off                ;
+---------------------------------------------------------------------------------+--------------------+--------------------+


+------------------------------------------+
; Parallel Compilation                     ;
+----------------------------+-------------+
; Processors                 ; Number      ;
+----------------------------+-------------+
; Number detected on machine ; 6           ;
; Maximum allowed            ; 6           ;
;                            ;             ;
; Average used               ; 1.00        ;
; Maximum used               ; 6           ;
;                            ;             ;
; Usage by Processor         ; % Time Used ;
;     Processor 1            ; 100.0%      ;
;     Processor 2            ;   0.0%      ;
;     Processor 3            ;   0.0%      ;
;     Processor 4            ;   0.0%      ;
;     Processor 5            ;   0.0%      ;
;     Processor 6            ;   0.0%      ;
+----------------------------+-------------+


+-------------------------------------------------------------------------------------------------------------------------------------------------------------------------------------------------+
; Analysis & Synthesis Source Files Read                                                                                                                                                          ;
+----------------------------------+-----------------+------------------------------+---------------------------------------------------------------------------------------------------+---------+
; File Name with User-Entered Path ; Used in Netlist ; File Type                    ; File Name with Absolute Path                                                                      ; Library ;
+----------------------------------+-----------------+------------------------------+---------------------------------------------------------------------------------------------------+---------+
; ../divide.sv                     ; yes             ; User SystemVerilog HDL File  ; I:/courses/2024aSpring/ece554/Project/code/doomed/hw/alu_extensions/divide.sv                     ;         ;
; wrap.v                           ; yes             ; User Verilog HDL File        ; I:/courses/2024aSpring/ece554/Project/code/doomed/hw/alu_extensions/quarts/wrap.v                 ;         ;
; lpm_divide.tdf                   ; yes             ; Megafunction                 ; c:/intelfpga_lite/22.1std/quartus/libraries/megafunctions/lpm_divide.tdf                          ;         ;
; abs_divider.inc                  ; yes             ; Megafunction                 ; c:/intelfpga_lite/22.1std/quartus/libraries/megafunctions/abs_divider.inc                         ;         ;
; sign_div_unsign.inc              ; yes             ; Megafunction                 ; c:/intelfpga_lite/22.1std/quartus/libraries/megafunctions/sign_div_unsign.inc                     ;         ;
; aglobal221.inc                   ; yes             ; Megafunction                 ; c:/intelfpga_lite/22.1std/quartus/libraries/megafunctions/aglobal221.inc                          ;         ;
; db/lpm_divide_tqo.tdf            ; yes             ; Auto-Generated Megafunction  ; I:/courses/2024aSpring/ece554/Project/code/doomed/hw/alu_extensions/quarts/db/lpm_divide_tqo.tdf  ;         ;
; db/abs_divider_6dg.tdf           ; yes             ; Auto-Generated Megafunction  ; I:/courses/2024aSpring/ece554/Project/code/doomed/hw/alu_extensions/quarts/db/abs_divider_6dg.tdf ;         ;
; db/alt_u_div_s2f.tdf             ; yes             ; Auto-Generated Megafunction  ; I:/courses/2024aSpring/ece554/Project/code/doomed/hw/alu_extensions/quarts/db/alt_u_div_s2f.tdf   ;         ;
; db/lpm_abs_5p9.tdf               ; yes             ; Auto-Generated Megafunction  ; I:/courses/2024aSpring/ece554/Project/code/doomed/hw/alu_extensions/quarts/db/lpm_abs_5p9.tdf     ;         ;
+----------------------------------+-----------------+------------------------------+---------------------------------------------------------------------------------------------------+---------+


+--------------------------------------------------------+
; Analysis & Synthesis Resource Usage Summary            ;
+---------------------------------------------+----------+
; Resource                                    ; Usage    ;
+---------------------------------------------+----------+
; Estimate of Logic utilization (ALMs needed) ; 728      ;
;                                             ;          ;
; Combinational ALUT usage for logic          ; 1430     ;
;     -- 7 input functions                    ; 0        ;
;     -- 6 input functions                    ; 25       ;
;     -- 5 input functions                    ; 576      ;
;     -- 4 input functions                    ; 487      ;
;     -- <=3 input functions                  ; 342      ;
;                                             ;          ;
; Dedicated logic registers                   ; 65       ;
;                                             ;          ;
; I/O pins                                    ; 57       ;
;                                             ;          ;
; Total DSP Blocks                            ; 0        ;
;                                             ;          ;
; Maximum fan-out node                        ; WideAnd0 ;
; Maximum fan-out                             ; 65       ;
; Total fan-out                               ; 6553     ;
; Average fan-out                             ; 4.07     ;
+---------------------------------------------+----------+


+-----------------------------------------------------------------------------------------------------------------------------------------------------------------------------------------------------------------------------------------------------------------------------------------------------+
; Analysis & Synthesis Resource Utilization by Entity                                                                                                                                                                                                                                                 ;
+------------------------------------------+---------------------+---------------------------+-------------------+------------+------+--------------+----------------------------------------------------------------------------------------------------------------+-----------------+--------------+
; Compilation Hierarchy Node               ; Combinational ALUTs ; Dedicated Logic Registers ; Block Memory Bits ; DSP Blocks ; Pins ; Virtual Pins ; Full Hierarchy Name                                                                                            ; Entity Name     ; Library Name ;
+------------------------------------------+---------------------+---------------------------+-------------------+------------+------+--------------+----------------------------------------------------------------------------------------------------------------+-----------------+--------------+
; |wrap                                    ; 1430 (68)           ; 65 (32)                   ; 0                 ; 0          ; 57   ; 0            ; |wrap                                                                                                          ; wrap            ; work         ;
;    |divide:iDUT|                         ; 1362 (99)           ; 33 (33)                   ; 0                 ; 0          ; 0    ; 0            ; |wrap|divide:iDUT                                                                                              ; divide          ; work         ;
;       |lpm_divide:Div0|                  ; 1263 (0)            ; 0 (0)                     ; 0                 ; 0          ; 0    ; 0            ; |wrap|divide:iDUT|lpm_divide:Div0                                                                              ; lpm_divide      ; work         ;
;          |lpm_divide_tqo:auto_generated| ; 1263 (0)            ; 0 (0)                     ; 0                 ; 0          ; 0    ; 0            ; |wrap|divide:iDUT|lpm_divide:Div0|lpm_divide_tqo:auto_generated                                                ; lpm_divide_tqo  ; work         ;
;             |abs_divider_6dg:divider|    ; 1263 (0)            ; 0 (0)                     ; 0                 ; 0          ; 0    ; 0            ; |wrap|divide:iDUT|lpm_divide:Div0|lpm_divide_tqo:auto_generated|abs_divider_6dg:divider                        ; abs_divider_6dg ; work         ;
;                |alt_u_div_s2f:divider|   ; 1197 (1197)         ; 0 (0)                     ; 0                 ; 0          ; 0    ; 0            ; |wrap|divide:iDUT|lpm_divide:Div0|lpm_divide_tqo:auto_generated|abs_divider_6dg:divider|alt_u_div_s2f:divider  ; alt_u_div_s2f   ; work         ;
;                |lpm_abs_5p9:my_abs_den|  ; 33 (33)             ; 0 (0)                     ; 0                 ; 0          ; 0    ; 0            ; |wrap|divide:iDUT|lpm_divide:Div0|lpm_divide_tqo:auto_generated|abs_divider_6dg:divider|lpm_abs_5p9:my_abs_den ; lpm_abs_5p9     ; work         ;
;                |lpm_abs_5p9:my_abs_num|  ; 33 (33)             ; 0 (0)                     ; 0                 ; 0          ; 0    ; 0            ; |wrap|divide:iDUT|lpm_divide:Div0|lpm_divide_tqo:auto_generated|abs_divider_6dg:divider|lpm_abs_5p9:my_abs_num ; lpm_abs_5p9     ; work         ;
+------------------------------------------+---------------------+---------------------------+-------------------+------------+------+--------------+----------------------------------------------------------------------------------------------------------------+-----------------+--------------+
Note: For table entries with two numbers listed, the numbers in parentheses indicate the number of resources of the given type used by the specific entity alone. The numbers listed outside of parentheses indicate the total resources of the given type used by the specific entity and all of its sub-entities in the hierarchy.


+------------------------------------------------------+
; General Register Statistics                          ;
+----------------------------------------------+-------+
; Statistic                                    ; Value ;
+----------------------------------------------+-------+
; Total registers                              ; 65    ;
; Number of registers using Synchronous Clear  ; 0     ;
; Number of registers using Synchronous Load   ; 0     ;
; Number of registers using Asynchronous Clear ; 65    ;
; Number of registers using Asynchronous Load  ; 0     ;
; Number of registers using Clock Enable       ; 32    ;
; Number of registers using Preset             ; 0     ;
+----------------------------------------------+-------+


+-------------------------------------------------------------------------------------------------------------------------------------------+
; Multiplexer Restructuring Statistics (Restructuring Performed)                                                                            ;
+--------------------+-----------+---------------+----------------------+------------------------+------------+-----------------------------+
; Multiplexer Inputs ; Bus Width ; Baseline Area ; Area if Restructured ; Saving if Restructured ; Registered ; Example Multiplexer Output  ;
+--------------------+-----------+---------------+----------------------+------------------------+------------+-----------------------------+
; 3:1                ; 32 bits   ; 64 LEs        ; 64 LEs               ; 0 LEs                  ; Yes        ; |wrap|divide:iDUT|result[0] ;
+--------------------+-----------+---------------+----------------------+------------------------+------------+-----------------------------+


+------------------------------------------------------------------------------+
; Parameter Settings for Inferred Entity Instance: divide:iDUT|lpm_divide:Div0 ;
+------------------------+----------------+------------------------------------+
; Parameter Name         ; Value          ; Type                               ;
+------------------------+----------------+------------------------------------+
; LPM_WIDTHN             ; 33             ; Untyped                            ;
; LPM_WIDTHD             ; 33             ; Untyped                            ;
; LPM_NREPRESENTATION    ; SIGNED         ; Untyped                            ;
; LPM_DREPRESENTATION    ; SIGNED         ; Untyped                            ;
; LPM_PIPELINE           ; 0              ; Untyped                            ;
; LPM_REMAINDERPOSITIVE  ; FALSE          ; Untyped                            ;
; MAXIMIZE_SPEED         ; 5              ; Untyped                            ;
; CBXI_PARAMETER         ; lpm_divide_tqo ; Untyped                            ;
; CARRY_CHAIN            ; MANUAL         ; Untyped                            ;
; OPTIMIZE_FOR_SPEED     ; 5              ; Untyped                            ;
; AUTO_CARRY_CHAINS      ; ON             ; AUTO_CARRY                         ;
; IGNORE_CARRY_BUFFERS   ; OFF            ; IGNORE_CARRY                       ;
; AUTO_CASCADE_CHAINS    ; ON             ; AUTO_CASCADE                       ;
; IGNORE_CASCADE_BUFFERS ; OFF            ; IGNORE_CASCADE                     ;
+------------------------+----------------+------------------------------------+
Note: In order to hide this table in the UI and the text report file, please set the "Show Parameter Settings in Synthesis Report" option in "Analysis and Synthesis Settings -> More Settings" to "Off".


+-----------------------------------------------------+
; Post-Synthesis Netlist Statistics for Top Partition ;
+-----------------------+-----------------------------+
; Type                  ; Count                       ;
+-----------------------+-----------------------------+
; arriav_ff             ; 65                          ;
;     CLR               ; 33                          ;
;     ENA CLR           ; 32                          ;
; arriav_lcell_comb     ; 1431                        ;
;     arith             ; 744                         ;
;         0 data inputs ; 62                          ;
;         1 data inputs ; 62                          ;
;         2 data inputs ; 79                          ;
;         3 data inputs ; 16                          ;
;         4 data inputs ; 1                           ;
;         5 data inputs ; 524                         ;
;     normal            ; 645                         ;
;         0 data inputs ; 1                           ;
;         1 data inputs ; 1                           ;
;         2 data inputs ; 66                          ;
;         3 data inputs ; 33                          ;
;         4 data inputs ; 467                         ;
;         5 data inputs ; 52                          ;
;         6 data inputs ; 25                          ;
;     shared            ; 42                          ;
;         0 data inputs ; 3                           ;
;         2 data inputs ; 19                          ;
;         3 data inputs ; 1                           ;
;         4 data inputs ; 19                          ;
; boundary_port         ; 57                          ;
;                       ;                             ;
; Max LUT depth         ; 106.10                      ;
; Average LUT depth     ; 95.45                       ;
+-----------------------+-----------------------------+


+-------------------------------+
; Elapsed Time Per Partition    ;
+----------------+--------------+
; Partition Name ; Elapsed Time ;
+----------------+--------------+
; Top            ; 00:00:02     ;
+----------------+--------------+


+-------------------------------+
; Analysis & Synthesis Messages ;
+-------------------------------+
Info: *******************************************************************
Info: Running Quartus Prime Analysis & Synthesis
    Info: Version 22.1std.1 Build 917 02/14/2023 SC Lite Edition
    Info: Processing started: Wed Apr  3 15:01:43 2024
Info: Command: quartus_map --read_settings_files=on --write_settings_files=off wrap -c wrap
Warning (18236): Number of processors has not been specified which may cause overloading on shared machines.  Set the global assignment NUM_PARALLEL_PROCESSORS in your QSF to an appropriate value for best performance.
Info (20030): Parallel compilation is enabled and will use 6 of the 6 processors detected
Info (12021): Found 1 design units, including 1 entities, in source file /courses/2024aspring/ece554/project/code/doomed/hw/alu_extensions/multiply.sv
    Info (12023): Found entity 1: multiply File: I:/courses/2024aSpring/ece554/Project/code/doomed/hw/alu_extensions/multiply.sv Line: 2
Warning (12090): Entity "divide" obtained from "../divide.sv" instead of from Quartus Prime megafunction library File: I:/courses/2024aSpring/ece554/Project/code/doomed/hw/alu_extensions/divide.sv Line: 2
Info (12021): Found 1 design units, including 1 entities, in source file /courses/2024aspring/ece554/project/code/doomed/hw/alu_extensions/divide.sv
    Info (12023): Found entity 1: divide File: I:/courses/2024aSpring/ece554/Project/code/doomed/hw/alu_extensions/divide.sv Line: 2
Info (12021): Found 1 design units, including 1 entities, in source file wrap.v
    Info (12023): Found entity 1: wrap File: I:/courses/2024aSpring/ece554/Project/code/doomed/hw/alu_extensions/quarts/wrap.v Line: 6
Info (12127): Elaborating entity "wrap" for the top level hierarchy
Warning (10034): Output port "LEDR[9..2]" at wrap.v(18) has no driver File: I:/courses/2024aSpring/ece554/Project/code/doomed/hw/alu_extensions/quarts/wrap.v Line: 18
Warning (10034): Output port "VGA_B" at wrap.v(25) has no driver File: I:/courses/2024aSpring/ece554/Project/code/doomed/hw/alu_extensions/quarts/wrap.v Line: 25
Warning (10034): Output port "VGA_G" at wrap.v(27) has no driver File: I:/courses/2024aSpring/ece554/Project/code/doomed/hw/alu_extensions/quarts/wrap.v Line: 27
Warning (10034): Output port "VGA_R" at wrap.v(29) has no driver File: I:/courses/2024aSpring/ece554/Project/code/doomed/hw/alu_extensions/quarts/wrap.v Line: 29
Warning (10034): Output port "VGA_BLANK_N" at wrap.v(24) has no driver File: I:/courses/2024aSpring/ece554/Project/code/doomed/hw/alu_extensions/quarts/wrap.v Line: 24
Warning (10034): Output port "VGA_CLK" at wrap.v(26) has no driver File: I:/courses/2024aSpring/ece554/Project/code/doomed/hw/alu_extensions/quarts/wrap.v Line: 26
Warning (10034): Output port "VGA_HS" at wrap.v(28) has no driver File: I:/courses/2024aSpring/ece554/Project/code/doomed/hw/alu_extensions/quarts/wrap.v Line: 28
Warning (10034): Output port "VGA_SYNC_N" at wrap.v(30) has no driver File: I:/courses/2024aSpring/ece554/Project/code/doomed/hw/alu_extensions/quarts/wrap.v Line: 30
Warning (10034): Output port "VGA_VS" at wrap.v(32) has no driver File: I:/courses/2024aSpring/ece554/Project/code/doomed/hw/alu_extensions/quarts/wrap.v Line: 32
Info (12128): Elaborating entity "divide" for hierarchy "divide:iDUT" File: I:/courses/2024aSpring/ece554/Project/code/doomed/hw/alu_extensions/quarts/wrap.v Line: 53
Info (278001): Inferred 1 megafunctions from design logic
    Info (278004): Inferred divider/modulo megafunction ("lpm_divide") from the following logic: "divide:iDUT|Div0" File: I:/courses/2024aSpring/ece554/Project/code/doomed/hw/alu_extensions/divide.sv Line: 29
Info (12130): Elaborated megafunction instantiation "divide:iDUT|lpm_divide:Div0" File: I:/courses/2024aSpring/ece554/Project/code/doomed/hw/alu_extensions/divide.sv Line: 29
Info (12133): Instantiated megafunction "divide:iDUT|lpm_divide:Div0" with the following parameter: File: I:/courses/2024aSpring/ece554/Project/code/doomed/hw/alu_extensions/divide.sv Line: 29
    Info (12134): Parameter "LPM_WIDTHN" = "33"
    Info (12134): Parameter "LPM_WIDTHD" = "33"
    Info (12134): Parameter "LPM_NREPRESENTATION" = "SIGNED"
    Info (12134): Parameter "LPM_DREPRESENTATION" = "SIGNED"
    Info (12134): Parameter "LPM_HINT" = "LPM_REMAINDERPOSITIVE=FALSE"
Info (12021): Found 1 design units, including 1 entities, in source file db/lpm_divide_tqo.tdf
    Info (12023): Found entity 1: lpm_divide_tqo File: I:/courses/2024aSpring/ece554/Project/code/doomed/hw/alu_extensions/quarts/db/lpm_divide_tqo.tdf Line: 25
Info (12021): Found 1 design units, including 1 entities, in source file db/abs_divider_6dg.tdf
    Info (12023): Found entity 1: abs_divider_6dg File: I:/courses/2024aSpring/ece554/Project/code/doomed/hw/alu_extensions/quarts/db/abs_divider_6dg.tdf Line: 27
Info (12021): Found 1 design units, including 1 entities, in source file db/alt_u_div_s2f.tdf
    Info (12023): Found entity 1: alt_u_div_s2f File: I:/courses/2024aSpring/ece554/Project/code/doomed/hw/alu_extensions/quarts/db/alt_u_div_s2f.tdf Line: 23
Info (12021): Found 1 design units, including 1 entities, in source file db/lpm_abs_5p9.tdf
    Info (12023): Found entity 1: lpm_abs_5p9 File: I:/courses/2024aSpring/ece554/Project/code/doomed/hw/alu_extensions/quarts/db/lpm_abs_5p9.tdf Line: 23
Warning (13024): Output pins are stuck at VCC or GND
    Warning (13410): Pin "LEDR[2]" is stuck at GND File: I:/courses/2024aSpring/ece554/Project/code/doomed/hw/alu_extensions/quarts/wrap.v Line: 18
    Warning (13410): Pin "LEDR[3]" is stuck at GND File: I:/courses/2024aSpring/ece554/Project/code/doomed/hw/alu_extensions/quarts/wrap.v Line: 18
    Warning (13410): Pin "LEDR[4]" is stuck at GND File: I:/courses/2024aSpring/ece554/Project/code/doomed/hw/alu_extensions/quarts/wrap.v Line: 18
    Warning (13410): Pin "LEDR[5]" is stuck at GND File: I:/courses/2024aSpring/ece554/Project/code/doomed/hw/alu_extensions/quarts/wrap.v Line: 18
    Warning (13410): Pin "LEDR[6]" is stuck at GND File: I:/courses/2024aSpring/ece554/Project/code/doomed/hw/alu_extensions/quarts/wrap.v Line: 18
    Warning (13410): Pin "LEDR[7]" is stuck at GND File: I:/courses/2024aSpring/ece554/Project/code/doomed/hw/alu_extensions/quarts/wrap.v Line: 18
    Warning (13410): Pin "LEDR[8]" is stuck at GND File: I:/courses/2024aSpring/ece554/Project/code/doomed/hw/alu_extensions/quarts/wrap.v Line: 18
    Warning (13410): Pin "LEDR[9]" is stuck at GND File: I:/courses/2024aSpring/ece554/Project/code/doomed/hw/alu_extensions/quarts/wrap.v Line: 18
    Warning (13410): Pin "VGA_BLANK_N" is stuck at GND File: I:/courses/2024aSpring/ece554/Project/code/doomed/hw/alu_extensions/quarts/wrap.v Line: 24
    Warning (13410): Pin "VGA_B[0]" is stuck at GND File: I:/courses/2024aSpring/ece554/Project/code/doomed/hw/alu_extensions/quarts/wrap.v Line: 25
    Warning (13410): Pin "VGA_B[1]" is stuck at GND File: I:/courses/2024aSpring/ece554/Project/code/doomed/hw/alu_extensions/quarts/wrap.v Line: 25
    Warning (13410): Pin "VGA_B[2]" is stuck at GND File: I:/courses/2024aSpring/ece554/Project/code/doomed/hw/alu_extensions/quarts/wrap.v Line: 25
    Warning (13410): Pin "VGA_B[3]" is stuck at GND File: I:/courses/2024aSpring/ece554/Project/code/doomed/hw/alu_extensions/quarts/wrap.v Line: 25
    Warning (13410): Pin "VGA_B[4]" is stuck at GND File: I:/courses/2024aSpring/ece554/Project/code/doomed/hw/alu_extensions/quarts/wrap.v Line: 25
    Warning (13410): Pin "VGA_B[5]" is stuck at GND File: I:/courses/2024aSpring/ece554/Project/code/doomed/hw/alu_extensions/quarts/wrap.v Line: 25
    Warning (13410): Pin "VGA_B[6]" is stuck at GND File: I:/courses/2024aSpring/ece554/Project/code/doomed/hw/alu_extensions/quarts/wrap.v Line: 25
    Warning (13410): Pin "VGA_B[7]" is stuck at GND File: I:/courses/2024aSpring/ece554/Project/code/doomed/hw/alu_extensions/quarts/wrap.v Line: 25
    Warning (13410): Pin "VGA_CLK" is stuck at GND File: I:/courses/2024aSpring/ece554/Project/code/doomed/hw/alu_extensions/quarts/wrap.v Line: 26
    Warning (13410): Pin "VGA_G[0]" is stuck at GND File: I:/courses/2024aSpring/ece554/Project/code/doomed/hw/alu_extensions/quarts/wrap.v Line: 27
    Warning (13410): Pin "VGA_G[1]" is stuck at GND File: I:/courses/2024aSpring/ece554/Project/code/doomed/hw/alu_extensions/quarts/wrap.v Line: 27
    Warning (13410): Pin "VGA_G[2]" is stuck at GND File: I:/courses/2024aSpring/ece554/Project/code/doomed/hw/alu_extensions/quarts/wrap.v Line: 27
    Warning (13410): Pin "VGA_G[3]" is stuck at GND File: I:/courses/2024aSpring/ece554/Project/code/doomed/hw/alu_extensions/quarts/wrap.v Line: 27
    Warning (13410): Pin "VGA_G[4]" is stuck at GND File: I:/courses/2024aSpring/ece554/Project/code/doomed/hw/alu_extensions/quarts/wrap.v Line: 27
    Warning (13410): Pin "VGA_G[5]" is stuck at GND File: I:/courses/2024aSpring/ece554/Project/code/doomed/hw/alu_extensions/quarts/wrap.v Line: 27
    Warning (13410): Pin "VGA_G[6]" is stuck at GND File: I:/courses/2024aSpring/ece554/Project/code/doomed/hw/alu_extensions/quarts/wrap.v Line: 27
    Warning (13410): Pin "VGA_G[7]" is stuck at GND File: I:/courses/2024aSpring/ece554/Project/code/doomed/hw/alu_extensions/quarts/wrap.v Line: 27
    Warning (13410): Pin "VGA_HS" is stuck at GND File: I:/courses/2024aSpring/ece554/Project/code/doomed/hw/alu_extensions/quarts/wrap.v Line: 28
    Warning (13410): Pin "VGA_R[0]" is stuck at GND File: I:/courses/2024aSpring/ece554/Project/code/doomed/hw/alu_extensions/quarts/wrap.v Line: 29
    Warning (13410): Pin "VGA_R[1]" is stuck at GND File: I:/courses/2024aSpring/ece554/Project/code/doomed/hw/alu_extensions/quarts/wrap.v Line: 29
    Warning (13410): Pin "VGA_R[2]" is stuck at GND File: I:/courses/2024aSpring/ece554/Project/code/doomed/hw/alu_extensions/quarts/wrap.v Line: 29
    Warning (13410): Pin "VGA_R[3]" is stuck at GND File: I:/courses/2024aSpring/ece554/Project/code/doomed/hw/alu_extensions/quarts/wrap.v Line: 29
    Warning (13410): Pin "VGA_R[4]" is stuck at GND File: I:/courses/2024aSpring/ece554/Project/code/doomed/hw/alu_extensions/quarts/wrap.v Line: 29
    Warning (13410): Pin "VGA_R[5]" is stuck at GND File: I:/courses/2024aSpring/ece554/Project/code/doomed/hw/alu_extensions/quarts/wrap.v Line: 29
    Warning (13410): Pin "VGA_R[6]" is stuck at GND File: I:/courses/2024aSpring/ece554/Project/code/doomed/hw/alu_extensions/quarts/wrap.v Line: 29
    Warning (13410): Pin "VGA_R[7]" is stuck at GND File: I:/courses/2024aSpring/ece554/Project/code/doomed/hw/alu_extensions/quarts/wrap.v Line: 29
    Warning (13410): Pin "VGA_SYNC_N" is stuck at GND File: I:/courses/2024aSpring/ece554/Project/code/doomed/hw/alu_extensions/quarts/wrap.v Line: 30
    Warning (13410): Pin "VGA_VS" is stuck at GND File: I:/courses/2024aSpring/ece554/Project/code/doomed/hw/alu_extensions/quarts/wrap.v Line: 32
Info (286030): Timing-Driven Synthesis is running
Info (16010): Generating hard_block partition "hard_block:auto_generated_inst"
    Info (16011): Adding 0 node(s), including 0 DDIO, 0 PLL, 0 transceiver and 0 LCELL
Warning (21074): Design contains 5 input pin(s) that do not drive logic
    Warning (15610): No output dependent on input pin "CLOCK2_50" File: I:/courses/2024aSpring/ece554/Project/code/doomed/hw/alu_extensions/quarts/wrap.v Line: 9
    Warning (15610): No output dependent on input pin "CLOCK3_50" File: I:/courses/2024aSpring/ece554/Project/code/doomed/hw/alu_extensions/quarts/wrap.v Line: 10
    Warning (15610): No output dependent on input pin "CLOCK4_50" File: I:/courses/2024aSpring/ece554/Project/code/doomed/hw/alu_extensions/quarts/wrap.v Line: 11
    Warning (15610): No output dependent on input pin "KEY[2]" File: I:/courses/2024aSpring/ece554/Project/code/doomed/hw/alu_extensions/quarts/wrap.v Line: 15
    Warning (15610): No output dependent on input pin "KEY[3]" File: I:/courses/2024aSpring/ece554/Project/code/doomed/hw/alu_extensions/quarts/wrap.v Line: 15
Info (21057): Implemented 1487 device resources after synthesis - the final resource count might be different
    Info (21058): Implemented 18 input pins
    Info (21059): Implemented 39 output pins
    Info (21061): Implemented 1430 logic cells
Info: Quartus Prime Analysis & Synthesis was successful. 0 errors, 55 warnings
    Info: Peak virtual memory: 4892 megabytes
    Info: Processing ended: Wed Apr  3 15:01:56 2024
    Info: Elapsed time: 00:00:13
    Info: Total CPU time (on all processors): 00:00:17


